<?xml version="1.0" encoding="UTF-8" standalone="no"?><testsuite errors="1" failures="0" name="Producto en Exito" skipped="0" tests="1" time="25.09" timestamp="2023-11-19 07:03:36"><testcase name="Agregar producto al carrito  en exito"><error message="no such element: Unable to locate element: {&quot;method&quot;:&quot;xpath&quot;,&quot;selector&quot;:&quot;//li[div[@class='exito-category-menu-3-x-squareHoverD']][@id='categorias-nivel2-Juegos de mesa']&quot;}&#10;  (Session info: MicrosoftEdge=121.0.2220.3)&#10;For documentation on this error, please visit: https://selenium.dev/exceptions/#no_such_element&#10;Build info: version: '4.7.1', revision: 'c6795baf1a3'&#10;System info: os.name: 'Windows 11', os.arch: 'amd64', os.version: '10.0', java.version: '11.0.20'&#10;Driver info: org.openqa.selenium.edge.EdgeDriver&#10;Command: [cb3e409d0040ad9d3d4d53deb6b1fa82, findElement {using=xpath, value=//li[div[@class='exito-category-menu-3-x-squareHoverD']][@id='categorias-nivel2-Juegos de mesa']}]&#10;Capabilities {acceptInsecureCerts: false, browserName: MicrosoftEdge, browserVersion: 121.0.2220.3, fedcm:accounts: true, ms:edgeOptions: {debuggerAddress: localhost:61189}, msedge: {msedgedriverVersion: 121.0.2230.0 (cd703cfa994a0..., userDataDir: C:\Users\migue\AppData\Loca...}, networkConnectionEnabled: false, pageLoadStrategy: normal, platformName: WINDOWS, proxy: Proxy(), se:cdp: ws://localhost:61189/devtoo..., se:cdpVersion: 121.0.2220.3, setWindowRect: true, strictFileInteractability: false, timeouts: {implicit: 0, pageLoad: 300000, script: 30000}, unhandledPromptBehavior: dismiss and notify, webauthn:extension:credBlob: true, webauthn:extension:largeBlob: true, webauthn:extension:minPinLength: true, webauthn:extension:prf: true, webauthn:virtualAuthenticators: true}&#10;Session ID: cb3e409d0040ad9d3d4d53deb6b1fa82" type="org.openqa.selenium.NoSuchElementException">no such element: Unable to locate element: {"method":"xpath","selector":"//li[div[@class='exito-category-menu-3-x-squareHoverD']][@id='categorias-nivel2-Juegos de mesa']"}
  (Session info: MicrosoftEdge=121.0.2220.3)
For documentation on this error, please visit: https://selenium.dev/exceptions/#no_such_element
Build info: version: '4.7.1', revision: 'c6795baf1a3'
System info: os.name: 'Windows 11', os.arch: 'amd64', os.version: '10.0', java.version: '11.0.20'
Driver info: org.openqa.selenium.edge.EdgeDriver
Command: [cb3e409d0040ad9d3d4d53deb6b1fa82, findElement {using=xpath, value=//li[div[@class='exito-category-menu-3-x-squareHoverD']][@id='categorias-nivel2-Juegos de mesa']}]
Capabilities {acceptInsecureCerts: false, browserName: MicrosoftEdge, browserVersion: 121.0.2220.3, fedcm:accounts: true, ms:edgeOptions: {debuggerAddress: localhost:61189}, msedge: {msedgedriverVersion: 121.0.2230.0 (cd703cfa994a0..., userDataDir: C:\Users\migue\AppData\Loca...}, networkConnectionEnabled: false, pageLoadStrategy: normal, platformName: WINDOWS, proxy: Proxy(), se:cdp: ws://localhost:61189/devtoo..., se:cdpVersion: 121.0.2220.3, setWindowRect: true, strictFileInteractability: false, timeouts: {implicit: 0, pageLoad: 300000, script: 30000}, unhandledPromptBehavior: dismiss and notify, webauthn:extension:credBlob: true, webauthn:extension:largeBlob: true, webauthn:extension:minPinLength: true, webauthn:extension:prf: true, webauthn:virtualAuthenticators: true}
Session ID: cb3e409d0040ad9d3d4d53deb6b1fa82</error><system-err>no such element: Unable to locate element: {"method":"xpath","selector":"//li[div[@class='exito-category-menu-3-x-squareHoverD']][@id='categorias-nivel2-Juegos de mesa']"}
  (Session info: MicrosoftEdge=121.0.2220.3)
For documentation on this error, please visit: https://selenium.dev/exceptions/#no_such_element
Build info: version: '4.7.1', revision: 'c6795baf1a3'
System info: os.name: 'Windows 11', os.arch: 'amd64', os.version: '10.0', java.version: '11.0.20'
Driver info: org.openqa.selenium.edge.EdgeDriver
Command: [cb3e409d0040ad9d3d4d53deb6b1fa82, findElement {using=xpath, value=//li[div[@class='exito-category-menu-3-x-squareHoverD']][@id='categorias-nivel2-Juegos de mesa']}]
Capabilities {acceptInsecureCerts: false, browserName: MicrosoftEdge, browserVersion: 121.0.2220.3, fedcm:accounts: true, ms:edgeOptions: {debuggerAddress: localhost:61189}, msedge: {msedgedriverVersion: 121.0.2230.0 (cd703cfa994a0..., userDataDir: C:\Users\migue\AppData\Loca...}, networkConnectionEnabled: false, pageLoadStrategy: normal, platformName: WINDOWS, proxy: Proxy(), se:cdp: ws://localhost:61189/devtoo..., se:cdpVersion: 121.0.2220.3, setWindowRect: true, strictFileInteractability: false, timeouts: {implicit: 0, pageLoad: 300000, script: 30000}, unhandledPromptBehavior: dismiss and notify, webauthn:extension:credBlob: true, webauthn:extension:largeBlob: true, webauthn:extension:minPinLength: true, webauthn:extension:prf: true, webauthn:virtualAuthenticators: true}
Session ID: cb3e409d0040ad9d3d4d53deb6b1fa82&#13;
com.exito.steps.ExitoInicialSteps.seleccionCategoriaSubcategoria(ExitoInicialSteps.java:43)&#13;
com.exito.stepDefinitions.ExitoStepdefinition.seleccioneLaCategoriaJugueteriaYLaSubcategoriaJuegosDeMesa(ExitoStepdefinition.java:24)&#13;
io.cucumber.java.Invoker.doInvoke(Invoker.java:66)&#13;
io.cucumber.java.Invoker.invoke(Invoker.java:24)&#13;
io.cucumber.java.AbstractGlueDefinition.invokeMethod(AbstractGlueDefinition.java:47)&#13;
io.cucumber.java.JavaStepDefinition.execute(JavaStepDefinition.java:29)&#13;
io.cucumber.core.runner.CoreStepDefinition.execute(CoreStepDefinition.java:66)&#13;
io.cucumber.core.runner.PickleStepDefinitionMatch.runStep(PickleStepDefinitionMatch.java:63)&#13;
io.cucumber.core.runner.TestStep.executeStep(TestStep.java:85)&#13;
io.cucumber.core.runner.TestStep.run(TestStep.java:57)&#13;
io.cucumber.core.runner.PickleStepTestStep.run(PickleStepTestStep.java:51)&#13;
io.cucumber.core.runner.TestCase.run(TestCase.java:84)&#13;
io.cucumber.core.runner.Runner.runPickle(Runner.java:75)&#13;
io.cucumber.core.runtime.CucumberExecutionContext.lambda$runTestCase$5(CucumberExecutionContext.java:129)&#13;
io.cucumber.core.runtime.RethrowingThrowableCollector.executeAndThrow(RethrowingThrowableCollector.java:23)&#13;
io.cucumber.core.runtime.CucumberExecutionContext.runTestCase(CucumberExecutionContext.java:129)&#13;
io.cucumber.junit.FeatureRunner.runChild(FeatureRunner.java:144)&#13;
io.cucumber.junit.FeatureRunner.runChild(FeatureRunner.java:28)&#13;
io.cucumber.junit.FeatureRunner.run(FeatureRunner.java:137)&#13;
io.cucumber.junit.CucumberSerenityRunner.runChild(CucumberSerenityRunner.java:259)&#13;
io.cucumber.junit.CucumberSerenityRunner.runChild(CucumberSerenityRunner.java:59)&#13;
worker.org.gradle.process.internal.worker.GradleWorkerMain.run(GradleWorkerMain.java:69)&#13;
worker.org.gradle.process.internal.worker.GradleWorkerMain.main(GradleWorkerMain.java:74)&#13;
</system-err></testcase></testsuite>